[debug] [2022-12-12T03:32:32.547Z] ----------------------------------------------------------------------
[debug] [2022-12-12T03:32:32.549Z] Command:       C:\Users\thoma\DOWNLO~1\firebase-tools-instant-win.exe C:\Users\thoma\.cache\firebase\tools\lib\node_modules\firebase-tools\lib\bin\firebase serve --only hosting
[debug] [2022-12-12T03:32:32.549Z] CLI Version:   11.17.0
[debug] [2022-12-12T03:32:32.549Z] Platform:      win32
[debug] [2022-12-12T03:32:32.549Z] Node Version:  v16.16.0
[debug] [2022-12-12T03:32:32.550Z] Time:          Sun Dec 11 2022 22:32:32 GMT-0500 (Eastern Standard Time)
[debug] [2022-12-12T03:32:32.550Z] ----------------------------------------------------------------------
[debug] 
[debug] [2022-12-12T03:32:32.604Z] > command requires scopes: ["email","openid","https://www.googleapis.com/auth/cloudplatformprojects.readonly","https://www.googleapis.com/auth/firebase","https://www.googleapis.com/auth/cloud-platform"]
[debug] [2022-12-12T03:32:32.604Z] > authorizing via signed-in user (thomasm1.maestas@gmail.com)
[debug] [2022-12-12T03:32:32.604Z] [iam] checking project ourdailytechdata for permissions ["firebase.projects.get"]
[debug] [2022-12-12T03:32:32.605Z] > refreshing access token with scopes: []
[debug] [2022-12-12T03:32:32.607Z] >>> [apiv2][query] POST https://www.googleapis.com/oauth2/v3/token [none]
[debug] [2022-12-12T03:32:32.607Z] >>> [apiv2][body] POST https://www.googleapis.com/oauth2/v3/token [omitted]
[debug] [2022-12-12T03:32:32.739Z] <<< [apiv2][status] POST https://www.googleapis.com/oauth2/v3/token 400
[debug] [2022-12-12T03:32:32.740Z] <<< [apiv2][body] POST https://www.googleapis.com/oauth2/v3/token [omitted]
[debug] [2022-12-12T03:32:32.740Z] >>> [apiv2][query] POST https://cloudresourcemanager.googleapis.com/v1/projects/ourdailytechdata:testIamPermissions [none]
[debug] [2022-12-12T03:32:32.740Z] >>> [apiv2][(partial)header] POST https://cloudresourcemanager.googleapis.com/v1/projects/ourdailytechdata:testIamPermissions x-goog-quota-user=projects/ourdailytechdata
[debug] [2022-12-12T03:32:32.740Z] >>> [apiv2][body] POST https://cloudresourcemanager.googleapis.com/v1/projects/ourdailytechdata:testIamPermissions {"permissions":["firebase.projects.get"]}
[debug] [2022-12-12T03:32:32.835Z] <<< [apiv2][status] POST https://cloudresourcemanager.googleapis.com/v1/projects/ourdailytechdata:testIamPermissions 401
[debug] [2022-12-12T03:32:32.835Z] <<< [apiv2][body] POST https://cloudresourcemanager.googleapis.com/v1/projects/ourdailytechdata:testIamPermissions {"error":{"code":401,"message":"Request had invalid authentication credentials. Expected OAuth 2 access token, login cookie or other valid authentication credential. See https://developers.google.com/identity/sign-in/web/devconsole-project.","status":"UNAUTHENTICATED","details":[{"@type":"type.googleapis.com/google.rpc.ErrorInfo","reason":"ACCESS_TOKEN_TYPE_UNSUPPORTED","metadata":{"method":"google.cloudresourcemanager.v1.Projects.TestIamPermissions","service":"cloudresourcemanager.googleapis.com"}}]}}
[debug] [2022-12-12T03:32:32.836Z] [iam] error while checking permissions, command may fail: FirebaseError: HTTP Error: 401, Request had invalid authentication credentials. Expected OAuth 2 access token, login cookie or other valid authentication credential. See https://developers.google.com/identity/sign-in/web/devconsole-project.
[debug] [2022-12-12T03:32:32.836Z] > refreshing access token with scopes: []
[debug] [2022-12-12T03:32:32.836Z] >>> [apiv2][query] POST https://www.googleapis.com/oauth2/v3/token [none]
[debug] [2022-12-12T03:32:32.836Z] >>> [apiv2][body] POST https://www.googleapis.com/oauth2/v3/token [omitted]
[debug] [2022-12-12T03:32:32.977Z] <<< [apiv2][status] POST https://www.googleapis.com/oauth2/v3/token 400
[debug] [2022-12-12T03:32:32.977Z] <<< [apiv2][body] POST https://www.googleapis.com/oauth2/v3/token [omitted]
[debug] [2022-12-12T03:32:32.978Z] >>> [apiv2][query] GET https://firebase.googleapis.com/v1beta1/projects/ourdailytechdata [none]
[debug] [2022-12-12T03:32:33.078Z] <<< [apiv2][status] GET https://firebase.googleapis.com/v1beta1/projects/ourdailytechdata 401
[debug] [2022-12-12T03:32:33.078Z] <<< [apiv2][body] GET https://firebase.googleapis.com/v1beta1/projects/ourdailytechdata {"error":{"code":401,"message":"Request had invalid authentication credentials. Expected OAuth 2 access token, login cookie or other valid authentication credential. See https://developers.google.com/identity/sign-in/web/devconsole-project.","status":"UNAUTHENTICATED"}}
[debug] [2022-12-12T03:32:33.079Z] HTTP Error: 401, Request had invalid authentication credentials. Expected OAuth 2 access token, login cookie or other valid authentication credential. See https://developers.google.com/identity/sign-in/web/devconsole-project.
[debug] [2022-12-12T03:32:33.080Z] FirebaseError: HTTP Error: 401, Request had invalid authentication credentials. Expected OAuth 2 access token, login cookie or other valid authentication credential. See https://developers.google.com/identity/sign-in/web/devconsole-project.
    at responseToError (C:\Users\thoma\.cache\firebase\tools\lib\node_modules\firebase-tools\lib\responseToError.js:49:12)
    at RetryOperation._fn (C:\Users\thoma\.cache\firebase\tools\lib\node_modules\firebase-tools\lib\apiv2.js:288:77)
    at processTicksAndRejections (node:internal/process/task_queues:96:5)
[error] 
[error] Error: Failed to get Firebase project ourdailytechdata. Please make sure the project exists and your account has permission to access it.
[debug] [2022-12-12T03:32:49.109Z] ----------------------------------------------------------------------
[debug] [2022-12-12T03:32:49.111Z] Command:       C:\Users\thoma\DOWNLO~1\firebase-tools-instant-win.exe C:\Users\thoma\.cache\firebase\tools\lib\node_modules\firebase-tools\lib\bin\firebase serve
[debug] [2022-12-12T03:32:49.111Z] CLI Version:   11.17.0
[debug] [2022-12-12T03:32:49.111Z] Platform:      win32
[debug] [2022-12-12T03:32:49.111Z] Node Version:  v16.16.0
[debug] [2022-12-12T03:32:49.112Z] Time:          Sun Dec 11 2022 22:32:49 GMT-0500 (Eastern Standard Time)
[debug] [2022-12-12T03:32:49.112Z] ----------------------------------------------------------------------
[debug] 
[debug] [2022-12-12T03:32:49.171Z] > command requires scopes: ["email","openid","https://www.googleapis.com/auth/cloudplatformprojects.readonly","https://www.googleapis.com/auth/firebase","https://www.googleapis.com/auth/cloud-platform"]
[debug] [2022-12-12T03:32:49.171Z] > authorizing via signed-in user (thomasm1.maestas@gmail.com)
[debug] [2022-12-12T03:32:49.171Z] [iam] checking project ourdailytechdata for permissions ["firebase.projects.get"]
[debug] [2022-12-12T03:32:49.172Z] > refreshing access token with scopes: []
[debug] [2022-12-12T03:32:49.174Z] >>> [apiv2][query] POST https://www.googleapis.com/oauth2/v3/token [none]
[debug] [2022-12-12T03:32:49.174Z] >>> [apiv2][body] POST https://www.googleapis.com/oauth2/v3/token [omitted]
[debug] [2022-12-12T03:32:49.330Z] <<< [apiv2][status] POST https://www.googleapis.com/oauth2/v3/token 400
[debug] [2022-12-12T03:32:49.330Z] <<< [apiv2][body] POST https://www.googleapis.com/oauth2/v3/token [omitted]
[debug] [2022-12-12T03:32:49.331Z] >>> [apiv2][query] POST https://cloudresourcemanager.googleapis.com/v1/projects/ourdailytechdata:testIamPermissions [none]
[debug] [2022-12-12T03:32:49.331Z] >>> [apiv2][(partial)header] POST https://cloudresourcemanager.googleapis.com/v1/projects/ourdailytechdata:testIamPermissions x-goog-quota-user=projects/ourdailytechdata
[debug] [2022-12-12T03:32:49.331Z] >>> [apiv2][body] POST https://cloudresourcemanager.googleapis.com/v1/projects/ourdailytechdata:testIamPermissions {"permissions":["firebase.projects.get"]}
[debug] [2022-12-12T03:32:49.422Z] <<< [apiv2][status] POST https://cloudresourcemanager.googleapis.com/v1/projects/ourdailytechdata:testIamPermissions 401
[debug] [2022-12-12T03:32:49.422Z] <<< [apiv2][body] POST https://cloudresourcemanager.googleapis.com/v1/projects/ourdailytechdata:testIamPermissions {"error":{"code":401,"message":"Request had invalid authentication credentials. Expected OAuth 2 access token, login cookie or other valid authentication credential. See https://developers.google.com/identity/sign-in/web/devconsole-project.","status":"UNAUTHENTICATED","details":[{"@type":"type.googleapis.com/google.rpc.ErrorInfo","reason":"ACCESS_TOKEN_TYPE_UNSUPPORTED","metadata":{"method":"google.cloudresourcemanager.v1.Projects.TestIamPermissions","service":"cloudresourcemanager.googleapis.com"}}]}}
[debug] [2022-12-12T03:32:49.423Z] [iam] error while checking permissions, command may fail: FirebaseError: HTTP Error: 401, Request had invalid authentication credentials. Expected OAuth 2 access token, login cookie or other valid authentication credential. See https://developers.google.com/identity/sign-in/web/devconsole-project.
[debug] [2022-12-12T03:32:49.423Z] > refreshing access token with scopes: []
[debug] [2022-12-12T03:32:49.423Z] >>> [apiv2][query] POST https://www.googleapis.com/oauth2/v3/token [none]
[debug] [2022-12-12T03:32:49.423Z] >>> [apiv2][body] POST https://www.googleapis.com/oauth2/v3/token [omitted]
[debug] [2022-12-12T03:32:49.524Z] <<< [apiv2][status] POST https://www.googleapis.com/oauth2/v3/token 400
[debug] [2022-12-12T03:32:49.524Z] <<< [apiv2][body] POST https://www.googleapis.com/oauth2/v3/token [omitted]
[debug] [2022-12-12T03:32:49.525Z] >>> [apiv2][query] GET https://firebase.googleapis.com/v1beta1/projects/ourdailytechdata [none]
[debug] [2022-12-12T03:32:49.621Z] <<< [apiv2][status] GET https://firebase.googleapis.com/v1beta1/projects/ourdailytechdata 401
[debug] [2022-12-12T03:32:49.621Z] <<< [apiv2][body] GET https://firebase.googleapis.com/v1beta1/projects/ourdailytechdata {"error":{"code":401,"message":"Request had invalid authentication credentials. Expected OAuth 2 access token, login cookie or other valid authentication credential. See https://developers.google.com/identity/sign-in/web/devconsole-project.","status":"UNAUTHENTICATED"}}
[debug] [2022-12-12T03:32:49.621Z] HTTP Error: 401, Request had invalid authentication credentials. Expected OAuth 2 access token, login cookie or other valid authentication credential. See https://developers.google.com/identity/sign-in/web/devconsole-project.
[debug] [2022-12-12T03:32:49.622Z] FirebaseError: HTTP Error: 401, Request had invalid authentication credentials. Expected OAuth 2 access token, login cookie or other valid authentication credential. See https://developers.google.com/identity/sign-in/web/devconsole-project.
    at responseToError (C:\Users\thoma\.cache\firebase\tools\lib\node_modules\firebase-tools\lib\responseToError.js:49:12)
    at RetryOperation._fn (C:\Users\thoma\.cache\firebase\tools\lib\node_modules\firebase-tools\lib\apiv2.js:288:77)
    at processTicksAndRejections (node:internal/process/task_queues:96:5)
[error] 
[error] Error: Failed to get Firebase project ourdailytechdata. Please make sure the project exists and your account has permission to access it.
